█████████████████████████████████████████████
█████████████████████████████████████████████
████ ▄▄▄▄▄ ████▀ ▄▄  ▀ ▄▄ ▄▄▄▄▄▀██ ▄▄▄▄▄ ████
████ █   █ █ ▀ █▄█   ▀█▄▀▄ ▀▀▀ █▄█ █   █ ████
████ █▄▄▄█ █   ▄▀▀▀█▀ ▄▄  █▄▀█▄▀ █ █▄▄▄█ ████
████▄▄▄▄▄▄▄█ █▄▀▄▀ ▀▄█▄█ ▀ █ █▄▀ █▄▄▄▄▄▄▄████
████▄▀    ▄██▄▄▀██ ▀▄▄▀▀ ▀█▀▀▄█▄██▄▄▄  ▀█████
████▄▄▀▀ ▀▄▀▄ █▀ ▄▀ ▄██▀▀▀ ▀▄▄▀ ▄ █▀▄██▄ ████
████ ▄ ▀▀█▄ ▀█   ▀█▄▄ █▀ █▄▀█ ▄▄▀ ▄▀▄▄█ ▄████
████▄ █▀  ▄▀ ▄▀ ▄▀   ██▀ ▀▄▀█▄▄▄▀▄▄  ▄██▄████
█████▀██▀█▄▀▀▄▀▀█▀█ ▀▄▄ ▀▀▀ █ ▀▄▄▄▄ ██▄▀▄████
████ █▄█ █▄▄██▄▀  ▀█▀▄ ▀▀  ▀▀██  █ ▄█▀▄▄ ████
████▀▀▄█▀█▄ ▄█▄▄▀▄▄█▀▀█▀▄▀█▀ ▄ █▀▄▄█▄ ▄█▀████
████ █▀▄█▄▄▄█ ▀▀ ██ ▀███▄ █▀▄▄▄▄▀▄▀  ▄█  ████
████ ▀  █ ▄ ▄▄▀▄█▀  █ ▀ ███ ▄▄▀█▄ ▄ ██ ▄▄████
████ █ ▀█▄▄█▀ ▄▄  █ ▄▄██▄▀ ▀██ ▄▀  ▀▀██▄▄████
████▄██▄██▄█▀▀██████▀▄▀ ▀█▄ ▄ █  ▄▄▄ ▀█▀▄████
████ ▄▄▄▄▄ █▀ ▀▀ ▄▄▄ ▄▄█▀▀▄▀▀█▀▀ █▄█ ▀▄▀ ████
████ █   █ █ ██▄▄▀▄█▀▄▀ ▄▀▀▀▄ █    ▄ ▀  ▀████
████ █▄▄▄█ █▄▄█▀▄▀▀ ▀▄▄▀▀▀▀▀▄▄▄█ █▀█▀▄█▄ ████
████▄▄▄▄▄▄▄█▄▄▄█▄█▄██▄████▄█▄▄▄███▄█▄▄█▄▄████
█████████████████████████████████████████████
▀▀▀▀▀▀▀▀▀▀▀▀▀▀▀▀▀▀▀▀▀▀▀▀▀▀▀▀▀▀▀▀▀▀▀▀▀▀▀▀▀▀▀▀▀

打开以下链接配置应用:

  https://open.feishu.cn/page/cli?user_code=5B9G-XLQV&lpv=1.0.69&ocv=1.0.69&from=cli

等待配置应用...

OK: 应用配置成功! App ID: cli_aaddf6baeffa9be8
